Running: C:\Xilinx\14.7\ISE_DS\ISE\bin\nt64\unwrapped\fuse.exe -intstyle ise -incremental -o D:/TUGAS KULIAH/PKL LAPAN/UART/BCD/bcd_tb_isim_beh.exe -prj D:/TUGAS KULIAH/PKL LAPAN/UART/BCD/bcd_tb_beh.prj work.bcd_tb 
ISim P.20131013 (signature 0x7708f090)
Number of CPUs detected in this system: 4
Turning on mult-threading, number of parallel sub-compilation jobs: 8 
Determining compilation order of HDL files
Parsing VHDL file "D:/TUGAS KULIAH/PKL LAPAN/UART/BCD/bcd.vhd" into library work
Parsing VHDL file "D:/TUGAS KULIAH/PKL LAPAN/UART/BCD/bcd_tb.vhd" into library work
Starting static elaboration
Completed static elaboration
Compiling package standard
Compiling package std_logic_1164
Compiling package numeric_std
Compiling package std_logic_arith
Compiling package std_logic_unsigned
Compiling architecture behavioral of entity bcd [bcd_default]
Compiling architecture behavior of entity bcd_tb
Time Resolution for simulation is 1ps.
Compiled 8 VHDL Units
Built simulation executable D:/TUGAS KULIAH/PKL LAPAN/UART/BCD/bcd_tb_isim_beh.exe
Fuse Memory Usage: 36556 KB
Fuse CPU Usage: 655 ms
